<?xml version="1.0" encoding="UTF-8"?>
<testng-results skipped="0" failed="0" ignored="0" total="1" passed="1">
  <reporter-output>
  </reporter-output>
  <suite name="pages.featuresRunner.TestSuite" duration-ms="117161" started-at="2019-11-13T10:22:49 CET" finished-at="2019-11-13T10:24:46 CET">
    <groups>
    </groups>
    <test name="Command line test" duration-ms="117161" started-at="2019-11-13T10:22:49 CET" finished-at="2019-11-13T10:24:46 CET">
      <class name="pages.featuresRunner.TestSuite">
        <test-method status="PASS" signature="setUpClass()[pri:0, instance:pages.featuresRunner.TestSuite@4f7d0008]" name="setUpClass" is-config="true" duration-ms="265" started-at="2019-11-13T10:22:49 CET" finished-at="2019-11-13T10:22:49 CET">
          <reporter-output>
          </reporter-output>
        </test-method> <!-- setUpClass -->
        <test-method status="PASS" signature="feature(cucumber.api.testng.CucumberFeatureWrapper)[pri:0, instance:pages.featuresRunner.TestSuite@4f7d0008]" name="feature" duration-ms="116744" started-at="2019-11-13T10:22:49 CET" description="Runs Cucumber Feature" data-provider="features" finished-at="2019-11-13T10:24:46 CET">
          <params>
            <param index="0">
              <value>
                <![CDATA[Ringo Registration Test coverage]]>
              </value>
            </param>
          </params>
          <reporter-output>
          </reporter-output>
        </test-method> <!-- feature -->
        <test-method status="PASS" signature="tearDownClass()[pri:0, instance:pages.featuresRunner.TestSuite@4f7d0008]" name="tearDownClass" is-config="true" duration-ms="4" started-at="2019-11-13T10:24:46 CET" finished-at="2019-11-13T10:24:46 CET">
          <reporter-output>
          </reporter-output>
        </test-method> <!-- tearDownClass -->
      </class> <!-- pages.featuresRunner.TestSuite -->
    </test> <!-- Command line test -->
  </suite> <!-- pages.featuresRunner.TestSuite -->
</testng-results>
